 
****************************************
Report : area
Design : openMSP430
Version: K-2015.06
Date   : Wed Jan 26 23:48:29 2022
****************************************

Information: Updating design information... (UID-85)
Information: There are 818 clock pins driven by multiple clocks, and some of them are driven by up-to 2 clocks. (TIM-099)
Library(s) Used:

    saed90nm_typ_ht (File: /home/IC/Desktop/Abdelazeem/Course/thesis/OpenMSP40_Microcontrller/ref/models/saed90nm_typ_ht.db)

Number of ports:                         2719
Number of nets:                          8902
Number of cells:                         5440
Number of combinational cells:           4351
Number of sequential cells:               981
Number of macros/black boxes:               0
Number of buf/inv:                        755
Number of references:                      15

Combinational area:              46917.734376
Buf/Inv area:                     4195.123307
Noncombinational area:           31594.290192
Macro/Black Box area:                0.000000
Net Interconnect area:            6794.889049

Total cell area:                 78512.024568
Total area:                      85306.913616
1
