 
****************************************
Report : qor
Design : openMSP430
Version: K-2015.06
Date   : Wed Jan 26 23:48:30 2022
****************************************


  Timing Path Group 'FEEDTHROUGH'
  -----------------------------------
  Levels of Logic:              39.00
  Critical Path Length:          7.79
  Critical Path Slack:         691.21
  Critical Path Clk Period:   1000.00
  Total Negative Slack:          0.00
  No. of Violating Paths:        0.00
  Worst Hold Violation:          0.00
  Total Hold Violation:          0.00
  No. of Hold Violations:        0.00
  -----------------------------------

  Timing Path Group 'REGIN'
  -----------------------------------
  Levels of Logic:              46.00
  Critical Path Length:          7.78
  Critical Path Slack:           0.00
  Critical Path Clk Period:  32000.00
  Total Negative Slack:          0.00
  No. of Violating Paths:        0.00
  Worst Hold Violation:          0.00
  Total Hold Violation:          0.00
  No. of Hold Violations:        0.00
  -----------------------------------

  Timing Path Group 'REGOUT'
  -----------------------------------
  Levels of Logic:               2.00
  Critical Path Length:          2.45
  Critical Path Slack:         147.55
  Critical Path Clk Period:   1000.00
  Total Negative Slack:          0.00
  No. of Violating Paths:        0.00
  Worst Hold Violation:          0.00
  Total Hold Violation:          0.00
  No. of Hold Violations:        0.00
  -----------------------------------

  Timing Path Group 'dco_clk'
  -----------------------------------
  Levels of Logic:              68.00
  Critical Path Length:         14.38
  Critical Path Slack:         485.62
  Critical Path Clk Period:   1000.00
  Total Negative Slack:          0.00
  No. of Violating Paths:        0.00
  Worst Hold Violation:          0.00
  Total Hold Violation:          0.00
  No. of Hold Violations:        0.00
  -----------------------------------

  Timing Path Group 'lfxt_clk'
  -----------------------------------
  Levels of Logic:              68.00
  Critical Path Length:         14.38
  Critical Path Slack:           0.00
  Critical Path Clk Period:  32000.00
  Total Negative Slack:          0.00
  No. of Violating Paths:        0.00
  Worst Hold Violation:          0.00
  Total Hold Violation:          0.00
  No. of Hold Violations:        0.00
  -----------------------------------


  Cell Count
  -----------------------------------
  Hierarchical Cell Count:        108
  Hierarchical Port Count:       2523
  Leaf Cell Count:               5203
  Buf/Inv Cell Count:             755
  Buf Cell Count:                 105
  Inv Cell Count:                 650
  CT Buf/Inv Cell Count:           43
  Combinational Cell Count:      4351
  Sequential Cell Count:          852
  Macro Count:                      0
  -----------------------------------


  Area
  -----------------------------------
  Combinational Area:    46917.734376
  Noncombinational Area: 31594.290192
  Buf/Inv Area:           4195.123307
  Total Buffer Area:           599.04
  Total Inverter Area:        3596.08
  Macro/Black Box Area:      0.000000
  Net Area:               6794.889049
  -----------------------------------
  Cell Area:             78512.024568
  Design Area:           85306.913616


  Design Rules
  -----------------------------------
  Total Number of Nets:          6599
  Nets With Violations:             0
  Max Trans Violations:             0
  Max Cap Violations:               0
  -----------------------------------


  Hostname: IC

  Compile CPU Statistics
  -----------------------------------------
  Resource Sharing:                    0.39
  Logic Optimization:                  0.20
  Mapping Optimization:                1.97
  -----------------------------------------
  Overall Compile Time:                3.97
  Overall Compile Wall Clock Time:    18.70

  --------------------------------------------------------------------

  Design  WNS: 0.00  TNS: 0.00  Number of Violating Paths: 0


  Design (Hold)  WNS: 0.00  TNS: 0.00  Number of Violating Paths: 0

  --------------------------------------------------------------------


1
