Info:  Net i:/WORK/omsp_clock_module/aclk_en is undriven.
Info:  Net i:/WORK/omsp_clock_module/smclk_en is undriven.
Info:  Net i:/WORK/omsp_sync_cell_16/data_out is undriven.
Info:  Net i:/WORK/omsp_sync_cell_14/data_out is undriven.
Info:  Net i:/WORK/omsp_sync_cell_10/data_out is undriven.
Info:  Net i:/WORK/omsp_sync_cell_8/data_out is undriven.
Info:  Net i:/WORK/omsp_sync_cell_6/data_out is undriven.
Info:  Net i:/WORK/omsp_frontend/inst_ad[7] is undriven.
Info:  Net i:/WORK/omsp_frontend/inst_ad[5] is undriven.
Info:  Net i:/WORK/omsp_frontend/inst_ad[4] is undriven.
Info:  Net i:/WORK/omsp_frontend/inst_ad[3] is undriven.
Info:  Net i:/WORK/omsp_frontend/inst_ad[2] is undriven.
Info:  Net i:/WORK/omsp_frontend/inst_ad[1] is undriven.
Info:  Net i:/WORK/omsp_frontend/inst_jmp[7] is undriven.
Info:  Net i:/WORK/omsp_frontend/inst_so[2] is undriven.
Info:  Net i:/WORK/omsp_frontend/mab[0] is undriven.
Info:  Net i:/WORK/omsp_execution_unit/mab[0] is undriven.
Info:  Net i:/WORK/omsp_mem_backbone/per_addr[13] is undriven.
Info:  Net i:/WORK/omsp_mem_backbone/per_addr[12] is undriven.
Info:  Net i:/WORK/omsp_mem_backbone/per_addr[11] is undriven.
Info:  Net i:/WORK/omsp_mem_backbone/per_addr[10] is undriven.
Info:  Net i:/WORK/omsp_mem_backbone/per_addr[9] is undriven.
Info:  Net i:/WORK/omsp_mem_backbone/per_addr[8] is undriven.
Info:  Net i:/WORK/omsp_sfr/cpu_id[31] is undriven.
Info:  Net i:/WORK/omsp_sfr/cpu_id[30] is undriven.
Info:  Net i:/WORK/omsp_sfr/cpu_id[29] is undriven.
Info:  Net i:/WORK/omsp_sfr/cpu_id[28] is undriven.
Info:  Net i:/WORK/omsp_sfr/cpu_id[27] is undriven.
Info:  Net i:/WORK/omsp_sfr/cpu_id[26] is undriven.
Info:  Net i:/WORK/omsp_sfr/cpu_id[25] is undriven.
Info:  Net i:/WORK/omsp_sfr/cpu_id[24] is undriven.
Info:  Net i:/WORK/omsp_sfr/cpu_id[23] is undriven.
Info:  Net i:/WORK/omsp_sfr/cpu_id[22] is undriven.
Info:  Net i:/WORK/omsp_sfr/cpu_id[21] is undriven.
Info:  Net i:/WORK/omsp_sfr/cpu_id[20] is undriven.
Info:  Net i:/WORK/omsp_sfr/cpu_id[19] is undriven.
Info:  Net i:/WORK/omsp_sfr/cpu_id[18] is undriven.
Info:  Net i:/WORK/omsp_sfr/cpu_id[17] is undriven.
Info:  Net i:/WORK/omsp_sfr/cpu_id[16] is undriven.
Info:  Net i:/WORK/omsp_sfr/cpu_id[15] is undriven.
Info:  Net i:/WORK/omsp_sfr/cpu_id[14] is undriven.
Info:  Net i:/WORK/omsp_sfr/cpu_id[13] is undriven.
Info:  Net i:/WORK/omsp_sfr/cpu_id[12] is undriven.
Info:  Net i:/WORK/omsp_sfr/cpu_id[11] is undriven.
Info:  Net i:/WORK/omsp_sfr/cpu_id[10] is undriven.
Info:  Net i:/WORK/omsp_sfr/cpu_id[9] is undriven.
Info:  Net i:/WORK/omsp_sfr/cpu_id[8] is undriven.
Info:  Net i:/WORK/omsp_sfr/cpu_id[7] is undriven.
Info:  Net i:/WORK/omsp_sfr/cpu_id[6] is undriven.
Info:  Net i:/WORK/omsp_sfr/cpu_id[5] is undriven.
Info:  Net i:/WORK/omsp_sfr/cpu_id[4] is undriven.
Info:  Net i:/WORK/omsp_sfr/cpu_id[3] is undriven.
Info:  Net i:/WORK/omsp_sfr/cpu_id[2] is undriven.
Info:  Net i:/WORK/omsp_sfr/cpu_id[1] is undriven.
Info:  Net i:/WORK/omsp_sfr/cpu_id[0] is undriven.
Info:  Net i:/WORK/omsp_sfr/per_dout[15] is undriven.
Info:  Net i:/WORK/omsp_sfr/per_dout[14] is undriven.
Info:  Net i:/WORK/omsp_sfr/per_dout[13] is undriven.
Info:  Net i:/WORK/omsp_sfr/per_dout[11] is undriven.
Info:  Net i:/WORK/omsp_sfr/per_dout[10] is undriven.
Info:  Net i:/WORK/omsp_sfr/per_dout[8] is undriven.
Info:  Net i:/WORK/omsp_sfr/per_dout[7] is undriven.
Info:  Net i:/WORK/omsp_sfr/per_dout[5] is undriven.
Info:  Net i:/WORK/omsp_sfr/per_dout[2] is undriven.
Info:  Net i:/WORK/omsp_watchdog/per_dout[15] is undriven.
Info:  Net i:/WORK/omsp_watchdog/per_dout[12] is undriven.
Info:  Net i:/WORK/omsp_watchdog/per_dout[10] is undriven.
Info:  Net i:/WORK/omsp_watchdog/per_dout[9] is undriven.
Info:  guide_uniquify 63 (Line: 354)  Cannot find object 'sfr_0/wakeup_cell_nmi/scan_mux_rst' in design 'openMSP430'.
Info:  guide_uniquify 63 (Line: 354)  Cannot find object 'sfr_0/wakeup_cell_nmi/scan_mux_clk' in design 'openMSP430'.
Info:  guide_uniquify 63 (Line: 354)  Cannot find object 'watchdog_0/wakeup_cell_wdog/scan_mux_rst' in design 'openMSP430'.
Info:  guide_uniquify 63 (Line: 354)  Cannot find object 'watchdog_0/wakeup_cell_wdog/scan_mux_clk' in design 'openMSP430'.
Info:  SVF Operation 63 (Line: 354) - uniquify.  Status: rejected

Info:  Pre-verification of r:/WORK/omsp_multiplier/mult_x_8 SUCCEEDED.
Info:  Pre-verification of r:/WORK/omsp_alu/DP_OP_67J5_124_3245 SUCCEEDED.
Info:  Pre-verification of r:/WORK/omsp_alu/DP_OP_68J5_125_7159 SUCCEEDED.
Info:  Pre-verification of r:/WORK/omsp_alu/DP_OP_69J5_126_7159 SUCCEEDED.
Info:  Pre-verification of r:/WORK/omsp_alu/DP_OP_70J5_127_7159 SUCCEEDED.
Info:  Pre-verification of r:/WORK/omsp_alu/DP_OP_71J5_128_7159 SUCCEEDED.
Info:  guide_uniquify 158 (Line: 1243)  Cannot find object 'watchdog_0/wakeup_cell_wdog/scan_mux_clk' in design 'openMSP430'.
Info:  guide_uniquify 158 (Line: 1243)  Cannot find object 'watchdog_0/wakeup_cell_wdog/scan_mux_rst' in design 'openMSP430'.
Info:  guide_uniquify 158 (Line: 1243)  Cannot find object 'sfr_0/wakeup_cell_nmi/scan_mux_clk' in design 'openMSP430'.
Info:  guide_uniquify 158 (Line: 1243)  Cannot find object 'sfr_0/wakeup_cell_nmi/scan_mux_rst' in design 'openMSP430'.
Info:  SVF Operation 158 (Line: 1243) - uniquify.  Status: rejected

Info:  Pre-verification of r:/WORK/omsp_mem_backbone/DP_OP_12J4_124_4891 SUCCEEDED.
Info:  guide_scan_input 171 (Line: 1427)  synopsys_auto_setup is false, ignoring Scan Input guidance.
Info:  SVF Operation 171 (Line: 1427) - scan_input.  Status: rejected

