Info:  Net r:/WORK/omsp_clock_module/aclk_en is undriven.
Info:  Net r:/WORK/omsp_clock_module/smclk_en is undriven.
Info:  Net r:/WORK/omsp_sync_cell_16/data_out is undriven.
Info:  Net r:/WORK/omsp_sync_cell_14/data_out is undriven.
Info:  Net r:/WORK/omsp_sync_cell_10/data_out is undriven.
Info:  Net r:/WORK/omsp_sync_cell_8/data_out is undriven.
Info:  Net r:/WORK/omsp_sync_cell_6/data_out is undriven.
Info:  Net r:/WORK/omsp_frontend/inst_ad[7] is undriven.
Info:  Net r:/WORK/omsp_frontend/inst_ad[5] is undriven.
Info:  Net r:/WORK/omsp_frontend/inst_ad[4] is undriven.
Info:  Net r:/WORK/omsp_frontend/inst_ad[3] is undriven.
Info:  Net r:/WORK/omsp_frontend/inst_ad[2] is undriven.
Info:  Net r:/WORK/omsp_frontend/inst_ad[1] is undriven.
Info:  Net r:/WORK/omsp_frontend/inst_jmp[7] is undriven.
Info:  Net r:/WORK/omsp_frontend/inst_so[2] is undriven.
Info:  Net r:/WORK/omsp_frontend/mab[0] is undriven.
Info:  Net r:/WORK/omsp_execution_unit/mab[0] is undriven.
Info:  Net r:/WORK/omsp_mem_backbone/per_addr[13] is undriven.
Info:  Net r:/WORK/omsp_mem_backbone/per_addr[12] is undriven.
Info:  Net r:/WORK/omsp_mem_backbone/per_addr[11] is undriven.
Info:  Net r:/WORK/omsp_mem_backbone/per_addr[10] is undriven.
Info:  Net r:/WORK/omsp_mem_backbone/per_addr[9] is undriven.
Info:  Net r:/WORK/omsp_mem_backbone/per_addr[8] is undriven.
Info:  Net r:/WORK/omsp_sfr/cpu_id[31] is undriven.
Info:  Net r:/WORK/omsp_sfr/cpu_id[30] is undriven.
Info:  Net r:/WORK/omsp_sfr/cpu_id[29] is undriven.
Info:  Net r:/WORK/omsp_sfr/cpu_id[28] is undriven.
Info:  Net r:/WORK/omsp_sfr/cpu_id[27] is undriven.
Info:  Net r:/WORK/omsp_sfr/cpu_id[26] is undriven.
Info:  Net r:/WORK/omsp_sfr/cpu_id[25] is undriven.
Info:  Net r:/WORK/omsp_sfr/cpu_id[24] is undriven.
Info:  Net r:/WORK/omsp_sfr/cpu_id[23] is undriven.
Info:  Net r:/WORK/omsp_sfr/cpu_id[22] is undriven.
Info:  Net r:/WORK/omsp_sfr/cpu_id[21] is undriven.
Info:  Net r:/WORK/omsp_sfr/cpu_id[20] is undriven.
Info:  Net r:/WORK/omsp_sfr/cpu_id[19] is undriven.
Info:  Net r:/WORK/omsp_sfr/cpu_id[18] is undriven.
Info:  Net r:/WORK/omsp_sfr/cpu_id[17] is undriven.
Info:  Net r:/WORK/omsp_sfr/cpu_id[16] is undriven.
Info:  Net r:/WORK/omsp_sfr/cpu_id[15] is undriven.
Info:  Net r:/WORK/omsp_sfr/cpu_id[14] is undriven.
Info:  Net r:/WORK/omsp_sfr/cpu_id[13] is undriven.
Info:  Net r:/WORK/omsp_sfr/cpu_id[12] is undriven.
Info:  Net r:/WORK/omsp_sfr/cpu_id[11] is undriven.
Info:  Net r:/WORK/omsp_sfr/cpu_id[10] is undriven.
Info:  Net r:/WORK/omsp_sfr/cpu_id[9] is undriven.
Info:  Net r:/WORK/omsp_sfr/cpu_id[8] is undriven.
Info:  Net r:/WORK/omsp_sfr/cpu_id[7] is undriven.
Info:  Net r:/WORK/omsp_sfr/cpu_id[6] is undriven.
Info:  Net r:/WORK/omsp_sfr/cpu_id[5] is undriven.
Info:  Net r:/WORK/omsp_sfr/cpu_id[4] is undriven.
Info:  Net r:/WORK/omsp_sfr/cpu_id[3] is undriven.
Info:  Net r:/WORK/omsp_sfr/cpu_id[2] is undriven.
Info:  Net r:/WORK/omsp_sfr/cpu_id[1] is undriven.
Info:  Net r:/WORK/omsp_sfr/cpu_id[0] is undriven.
Info:  Net r:/WORK/omsp_sfr/per_dout[15] is undriven.
Info:  Net r:/WORK/omsp_sfr/per_dout[14] is undriven.
Info:  Net r:/WORK/omsp_sfr/per_dout[13] is undriven.
Info:  Net r:/WORK/omsp_sfr/per_dout[11] is undriven.
Info:  Net r:/WORK/omsp_sfr/per_dout[10] is undriven.
Info:  Net r:/WORK/omsp_sfr/per_dout[8] is undriven.
Info:  Net r:/WORK/omsp_sfr/per_dout[7] is undriven.
Info:  Net r:/WORK/omsp_sfr/per_dout[5] is undriven.
Info:  Net r:/WORK/omsp_sfr/per_dout[2] is undriven.
Info:  Net r:/WORK/omsp_watchdog/per_dout_15_ is undriven.
Info:  Net r:/WORK/omsp_watchdog/per_dout_13_ is undriven.
Info:  Net r:/WORK/omsp_watchdog/per_dout_12_ is undriven.
Info:  Net r:/WORK/omsp_watchdog/per_dout_10_ is undriven.
Info:  Net r:/WORK/omsp_watchdog/per_dout_9_ is undriven.
Info:  Net r:/WORK/omsp_watchdog/per_dout_8_ is undriven.
Info:  Net r:/WORK/omsp_watchdog/per_dout_5_ is undriven.
Info:  Net i:/WORK/omsp_clock_module/smclk_en is undriven.
Info:  Net i:/WORK/omsp_clock_module/aclk_en is undriven.
Info:  Net i:/WORK/omsp_clock_module/cpu_en_s is undriven.
Info:  Net i:/WORK/omsp_sync_cell_16/data_out is undriven.
Info:  Net i:/WORK/omsp_sync_cell_14/data_out is undriven.
Info:  Net i:/WORK/omsp_sync_cell_8/data_out is undriven.
Info:  Net i:/WORK/omsp_sync_cell_10/data_out is undriven.
Info:  Net i:/WORK/omsp_sync_cell_6/data_out is undriven.
Info:  Net i:/WORK/omsp_watchdog/per_dout_10_ is undriven.
Info:  Net i:/WORK/omsp_watchdog/per_dout_9_ is undriven.
Info:  Net i:/WORK/omsp_watchdog/per_dout_8_ is undriven.
Info:  Net i:/WORK/omsp_watchdog/per_dout_5_ is undriven.
Info:  Net i:/WORK/omsp_watchdog/per_dout_15_ is undriven.
Info:  Net i:/WORK/omsp_watchdog/per_dout_13_ is undriven.
Info:  Net i:/WORK/omsp_watchdog/per_dout_12_ is undriven.
Info:  Net i:/WORK/omsp_watchdog/per_dout_11__BAR is undriven.
Info:  Net i:/WORK/omsp_sfr/per_dout[15] is undriven.
Info:  Net i:/WORK/omsp_sfr/per_dout[14] is undriven.
Info:  Net i:/WORK/omsp_sfr/per_dout[13] is undriven.
Info:  Net i:/WORK/omsp_sfr/per_dout[11] is undriven.
Info:  Net i:/WORK/omsp_sfr/per_dout[10] is undriven.
Info:  Net i:/WORK/omsp_sfr/per_dout[8] is undriven.
Info:  Net i:/WORK/omsp_sfr/per_dout[7] is undriven.
Info:  Net i:/WORK/omsp_sfr/per_dout[5] is undriven.
Info:  Net i:/WORK/omsp_sfr/per_dout[2] is undriven.
Info:  Net i:/WORK/omsp_sfr/cpu_id[31] is undriven.
Info:  Net i:/WORK/omsp_sfr/cpu_id[30] is undriven.
Info:  Net i:/WORK/omsp_sfr/cpu_id[29] is undriven.
Info:  Net i:/WORK/omsp_sfr/cpu_id[28] is undriven.
Info:  Net i:/WORK/omsp_sfr/cpu_id[27] is undriven.
Info:  Net i:/WORK/omsp_sfr/cpu_id[26] is undriven.
Info:  Net i:/WORK/omsp_sfr/cpu_id[25] is undriven.
Info:  Net i:/WORK/omsp_sfr/cpu_id[24] is undriven.
Info:  Net i:/WORK/omsp_sfr/cpu_id[23] is undriven.
Info:  Net i:/WORK/omsp_sfr/cpu_id[22] is undriven.
Info:  Net i:/WORK/omsp_sfr/cpu_id[21] is undriven.
Info:  Net i:/WORK/omsp_sfr/cpu_id[20] is undriven.
Info:  Net i:/WORK/omsp_sfr/cpu_id[19] is undriven.
Info:  Net i:/WORK/omsp_sfr/cpu_id[18] is undriven.
Info:  Net i:/WORK/omsp_sfr/cpu_id[17] is undriven.
Info:  Net i:/WORK/omsp_sfr/cpu_id[16] is undriven.
Info:  Net i:/WORK/omsp_sfr/cpu_id[15] is undriven.
Info:  Net i:/WORK/omsp_sfr/cpu_id[14] is undriven.
Info:  Net i:/WORK/omsp_sfr/cpu_id[13] is undriven.
Info:  Net i:/WORK/omsp_sfr/cpu_id[12] is undriven.
Info:  Net i:/WORK/omsp_sfr/cpu_id[11] is undriven.
Info:  Net i:/WORK/omsp_sfr/cpu_id[10] is undriven.
Info:  Net i:/WORK/omsp_sfr/cpu_id[9] is undriven.
Info:  Net i:/WORK/omsp_sfr/cpu_id[8] is undriven.
Info:  Net i:/WORK/omsp_sfr/cpu_id[7] is undriven.
Info:  Net i:/WORK/omsp_sfr/cpu_id[6] is undriven.
Info:  Net i:/WORK/omsp_sfr/cpu_id[5] is undriven.
Info:  Net i:/WORK/omsp_sfr/cpu_id[4] is undriven.
Info:  Net i:/WORK/omsp_sfr/cpu_id[3] is undriven.
Info:  Net i:/WORK/omsp_sfr/cpu_id[2] is undriven.
Info:  Net i:/WORK/omsp_sfr/cpu_id[1] is undriven.
Info:  Net i:/WORK/omsp_sfr/cpu_id[0] is undriven.
Info:  Net i:/WORK/omsp_mem_backbone/per_addr[13] is undriven.
Info:  Net i:/WORK/omsp_mem_backbone/per_addr[12] is undriven.
Info:  Net i:/WORK/omsp_mem_backbone/per_addr[11] is undriven.
Info:  Net i:/WORK/omsp_mem_backbone/per_addr[10] is undriven.
Info:  Net i:/WORK/omsp_mem_backbone/per_addr[9] is undriven.
Info:  Net i:/WORK/omsp_mem_backbone/per_addr[8] is undriven.
Info:  Net i:/WORK/omsp_execution_unit/mab[0] is undriven.
Info:  Net i:/WORK/omsp_alu/alu_stat_wr[3] is undriven.
Info:  Net i:/WORK/omsp_alu/alu_stat_wr[2] is undriven.
Info:  Net i:/WORK/omsp_alu/alu_stat_wr[0] is undriven.
Info:  Net i:/WORK/omsp_register_file/pc_sw[7] is undriven.
Info:  Net i:/WORK/omsp_register_file/pc_sw[6] is undriven.
Info:  Net i:/WORK/omsp_register_file/pc_sw[5] is undriven.
Info:  Net i:/WORK/omsp_register_file/pc_sw[4] is undriven.
Info:  Net i:/WORK/omsp_register_file/pc_sw[3] is undriven.
Info:  Net i:/WORK/omsp_register_file/pc_sw[2] is undriven.
Info:  Net i:/WORK/omsp_register_file/pc_sw[1] is undriven.
Info:  Net i:/WORK/omsp_register_file/pc_sw[0] is undriven.
Info:  Net i:/WORK/omsp_frontend/mab[0] is undriven.
Info:  Net i:/WORK/omsp_frontend/inst_so[2] is undriven.
Info:  Net i:/WORK/omsp_frontend/inst_jmp[7] is undriven.
Info:  Net i:/WORK/omsp_frontend/inst_ad[7] is undriven.
Info:  Net i:/WORK/omsp_frontend/inst_ad[5] is undriven.
Info:  Net i:/WORK/omsp_frontend/inst_ad[4] is undriven.
Info:  Net i:/WORK/omsp_frontend/inst_ad[3] is undriven.
Info:  Net i:/WORK/omsp_frontend/inst_ad[2] is undriven.
Info:  Net i:/WORK/omsp_frontend/inst_ad[1] is undriven.
